[debug] [2025-07-11T12:56:34.639Z] ----------------------------------------------------------------------
[debug] [2025-07-11T12:56:34.641Z] Command:       C:\Program Files\nodejs\node.exe C:\Users\jawah\AppData\Roaming\npm\node_modules\firebase-tools\lib\bin\firebase.js functions:delete sendWhatsApp sendWhatsAppOnBooking --region=us-central1 --force
[debug] [2025-07-11T12:56:34.641Z] CLI Version:   14.10.1
[debug] [2025-07-11T12:56:34.642Z] Platform:      win32
[debug] [2025-07-11T12:56:34.642Z] Node Version:  v24.1.0
[debug] [2025-07-11T12:56:34.642Z] Time:          Fri Jul 11 2025 18:26:34 GMT+0530 (India Standard Time)
[debug] [2025-07-11T12:56:34.642Z] ----------------------------------------------------------------------
[debug] 
[debug] [2025-07-11T12:56:34.802Z] > command requires scopes: ["email","openid","https://www.googleapis.com/auth/cloudplatformprojects.readonly","https://www.googleapis.com/auth/firebase","https://www.googleapis.com/auth/cloud-platform"]
[debug] [2025-07-11T12:56:34.802Z] > authorizing via signed-in user (jawaharlalr10@gmail.com)
[debug] [2025-07-11T12:56:34.802Z] [iam] checking project pranavdroptaxi-51778 for permissions ["cloudfunctions.functions.delete","cloudfunctions.functions.list","firebase.projects.get"]
[debug] [2025-07-11T12:56:34.803Z] Checked if tokens are valid: false, expires at: 1752236977918
[debug] [2025-07-11T12:56:34.803Z] Checked if tokens are valid: false, expires at: 1752236977918
[debug] [2025-07-11T12:56:34.804Z] > refreshing access token with scopes: []
[debug] [2025-07-11T12:56:34.805Z] >>> [apiv2][query] POST https://www.googleapis.com/oauth2/v3/token [none]
[debug] [2025-07-11T12:56:34.805Z] >>> [apiv2][body] POST https://www.googleapis.com/oauth2/v3/token [omitted]
[debug] [2025-07-11T12:56:35.168Z] <<< [apiv2][status] POST https://www.googleapis.com/oauth2/v3/token 200
[debug] [2025-07-11T12:56:35.168Z] <<< [apiv2][body] POST https://www.googleapis.com/oauth2/v3/token [omitted]
[debug] [2025-07-11T12:56:35.178Z] >>> [apiv2][query] POST https://cloudresourcemanager.googleapis.com/v1/projects/pranavdroptaxi-51778:testIamPermissions [none]
[debug] [2025-07-11T12:56:35.178Z] >>> [apiv2][(partial)header] POST https://cloudresourcemanager.googleapis.com/v1/projects/pranavdroptaxi-51778:testIamPermissions x-goog-quota-user=projects/pranavdroptaxi-51778
[debug] [2025-07-11T12:56:35.178Z] >>> [apiv2][body] POST https://cloudresourcemanager.googleapis.com/v1/projects/pranavdroptaxi-51778:testIamPermissions {"permissions":["cloudfunctions.functions.delete","cloudfunctions.functions.list","firebase.projects.get"]}
[debug] [2025-07-11T12:56:36.740Z] <<< [apiv2][status] POST https://cloudresourcemanager.googleapis.com/v1/projects/pranavdroptaxi-51778:testIamPermissions 200
[debug] [2025-07-11T12:56:36.741Z] <<< [apiv2][body] POST https://cloudresourcemanager.googleapis.com/v1/projects/pranavdroptaxi-51778:testIamPermissions {"permissions":["cloudfunctions.functions.delete","cloudfunctions.functions.list","firebase.projects.get"]}
[debug] [2025-07-11T12:56:36.742Z] Checked if tokens are valid: true, expires at: 1752242194168
[debug] [2025-07-11T12:56:36.742Z] Checked if tokens are valid: true, expires at: 1752242194168
[debug] [2025-07-11T12:56:36.743Z] Checked if tokens are valid: true, expires at: 1752242194168
[debug] [2025-07-11T12:56:36.743Z] Checked if tokens are valid: true, expires at: 1752242194168
[debug] [2025-07-11T12:56:36.743Z] >>> [apiv2][query] GET https://firebase.googleapis.com/v1beta1/projects/pranavdroptaxi-51778/adminSdkConfig [none]
[debug] [2025-07-11T12:56:36.745Z] >>> [apiv2][query] GET https://cloudfunctions.googleapis.com/v1/projects/pranavdroptaxi-51778/locations/-/functions [none]
[debug] [2025-07-11T12:56:37.817Z] <<< [apiv2][status] GET https://cloudfunctions.googleapis.com/v1/projects/pranavdroptaxi-51778/locations/-/functions 200
[debug] [2025-07-11T12:56:37.817Z] <<< [apiv2][body] GET https://cloudfunctions.googleapis.com/v1/projects/pranavdroptaxi-51778/locations/-/functions {}
[debug] [2025-07-11T12:56:37.817Z] Checked if tokens are valid: true, expires at: 1752242194168
[debug] [2025-07-11T12:56:37.817Z] Checked if tokens are valid: true, expires at: 1752242194168
[debug] [2025-07-11T12:56:37.818Z] >>> [apiv2][query] GET https://cloudfunctions.googleapis.com/v2/projects/pranavdroptaxi-51778/locations/-/functions filter=environment%3D%22GEN_2%22
[debug] [2025-07-11T12:56:38.116Z] <<< [apiv2][status] GET https://firebase.googleapis.com/v1beta1/projects/pranavdroptaxi-51778/adminSdkConfig 200
[debug] [2025-07-11T12:56:38.116Z] <<< [apiv2][body] GET https://firebase.googleapis.com/v1beta1/projects/pranavdroptaxi-51778/adminSdkConfig {"projectId":"pranavdroptaxi-51778","storageBucket":"pranavdroptaxi-51778.firebasestorage.app"}
[debug] [2025-07-11T12:56:39.528Z] <<< [apiv2][status] GET https://cloudfunctions.googleapis.com/v2/projects/pranavdroptaxi-51778/locations/-/functions 200
[debug] [2025-07-11T12:56:39.529Z] <<< [apiv2][body] GET https://cloudfunctions.googleapis.com/v2/projects/pranavdroptaxi-51778/locations/-/functions {}
[debug] [2025-07-11T12:56:39.534Z] TypeError: Cannot convert undefined or null to object
    at Object.values (<anonymous>)
    at C:\Users\jawah\AppData\Roaming\npm\node_modules\firebase-tools\lib\deploy\functions\backend.js:255:37
    at Array.reduce (<anonymous>)
    at allEndpoints (C:\Users\jawah\AppData\Roaming\npm\node_modules\firebase-tools\lib\deploy\functions\backend.js:254:45)
    at Object.matchingBackend (C:\Users\jawah\AppData\Roaming\npm\node_modules\firebase-tools\lib\deploy\functions\backend.js:278:28)
    at Object.createDeploymentPlan (C:\Users\jawah\AppData\Roaming\npm\node_modules\firebase-tools\lib\deploy\functions\release\planner.js:78:27)
    at Command.actionFn (C:\Users\jawah\AppData\Roaming\npm\node_modules\firebase-tools\lib\commands\functions-delete.js:43:26)
    at process.processTicksAndRejections (node:internal/process/task_queues:105:5)
[error] 
[error] Error: An unexpected error has occurred.
[debug] [2025-07-11T12:56:52.183Z] ----------------------------------------------------------------------
[debug] [2025-07-11T12:56:52.185Z] Command:       C:\Program Files\nodejs\node.exe C:\Users\jawah\AppData\Roaming\npm\node_modules\firebase-tools\lib\bin\firebase.js functions:delete sendWhatsApp sendWhatsAppOnBooking --region=asia-south1 --force
[debug] [2025-07-11T12:56:52.185Z] CLI Version:   14.10.1
[debug] [2025-07-11T12:56:52.185Z] Platform:      win32
[debug] [2025-07-11T12:56:52.185Z] Node Version:  v24.1.0
[debug] [2025-07-11T12:56:52.186Z] Time:          Fri Jul 11 2025 18:26:52 GMT+0530 (India Standard Time)
[debug] [2025-07-11T12:56:52.186Z] ----------------------------------------------------------------------
[debug] 
[debug] [2025-07-11T12:56:52.326Z] > command requires scopes: ["email","openid","https://www.googleapis.com/auth/cloudplatformprojects.readonly","https://www.googleapis.com/auth/firebase","https://www.googleapis.com/auth/cloud-platform"]
[debug] [2025-07-11T12:56:52.326Z] > authorizing via signed-in user (jawaharlalr10@gmail.com)
[debug] [2025-07-11T12:56:52.326Z] [iam] checking project pranavdroptaxi-51778 for permissions ["cloudfunctions.functions.delete","cloudfunctions.functions.list","firebase.projects.get"]
[debug] [2025-07-11T12:56:52.327Z] Checked if tokens are valid: true, expires at: 1752242194168
[debug] [2025-07-11T12:56:52.327Z] Checked if tokens are valid: true, expires at: 1752242194168
[debug] [2025-07-11T12:56:52.328Z] >>> [apiv2][query] POST https://cloudresourcemanager.googleapis.com/v1/projects/pranavdroptaxi-51778:testIamPermissions [none]
[debug] [2025-07-11T12:56:52.328Z] >>> [apiv2][(partial)header] POST https://cloudresourcemanager.googleapis.com/v1/projects/pranavdroptaxi-51778:testIamPermissions x-goog-quota-user=projects/pranavdroptaxi-51778
[debug] [2025-07-11T12:56:52.328Z] >>> [apiv2][body] POST https://cloudresourcemanager.googleapis.com/v1/projects/pranavdroptaxi-51778:testIamPermissions {"permissions":["cloudfunctions.functions.delete","cloudfunctions.functions.list","firebase.projects.get"]}
[debug] [2025-07-11T12:56:53.907Z] <<< [apiv2][status] POST https://cloudresourcemanager.googleapis.com/v1/projects/pranavdroptaxi-51778:testIamPermissions 200
[debug] [2025-07-11T12:56:53.908Z] <<< [apiv2][body] POST https://cloudresourcemanager.googleapis.com/v1/projects/pranavdroptaxi-51778:testIamPermissions {"permissions":["cloudfunctions.functions.delete","cloudfunctions.functions.list","firebase.projects.get"]}
[debug] [2025-07-11T12:56:53.909Z] Checked if tokens are valid: true, expires at: 1752242194168
[debug] [2025-07-11T12:56:53.909Z] Checked if tokens are valid: true, expires at: 1752242194168
[debug] [2025-07-11T12:56:53.910Z] Checked if tokens are valid: true, expires at: 1752242194168
[debug] [2025-07-11T12:56:53.910Z] Checked if tokens are valid: true, expires at: 1752242194168
[debug] [2025-07-11T12:56:53.910Z] >>> [apiv2][query] GET https://firebase.googleapis.com/v1beta1/projects/pranavdroptaxi-51778/adminSdkConfig [none]
[debug] [2025-07-11T12:56:53.913Z] >>> [apiv2][query] GET https://cloudfunctions.googleapis.com/v1/projects/pranavdroptaxi-51778/locations/-/functions [none]
[debug] [2025-07-11T12:56:54.369Z] <<< [apiv2][status] GET https://firebase.googleapis.com/v1beta1/projects/pranavdroptaxi-51778/adminSdkConfig 200
[debug] [2025-07-11T12:56:54.369Z] <<< [apiv2][body] GET https://firebase.googleapis.com/v1beta1/projects/pranavdroptaxi-51778/adminSdkConfig {"projectId":"pranavdroptaxi-51778","storageBucket":"pranavdroptaxi-51778.firebasestorage.app"}
[debug] [2025-07-11T12:56:54.866Z] <<< [apiv2][status] GET https://cloudfunctions.googleapis.com/v1/projects/pranavdroptaxi-51778/locations/-/functions 200
[debug] [2025-07-11T12:56:54.866Z] <<< [apiv2][body] GET https://cloudfunctions.googleapis.com/v1/projects/pranavdroptaxi-51778/locations/-/functions {}
[debug] [2025-07-11T12:56:54.867Z] Checked if tokens are valid: true, expires at: 1752242194168
[debug] [2025-07-11T12:56:54.867Z] Checked if tokens are valid: true, expires at: 1752242194168
[debug] [2025-07-11T12:56:54.868Z] >>> [apiv2][query] GET https://cloudfunctions.googleapis.com/v2/projects/pranavdroptaxi-51778/locations/-/functions filter=environment%3D%22GEN_2%22
[debug] [2025-07-11T12:56:56.568Z] <<< [apiv2][status] GET https://cloudfunctions.googleapis.com/v2/projects/pranavdroptaxi-51778/locations/-/functions 200
[debug] [2025-07-11T12:56:56.568Z] <<< [apiv2][body] GET https://cloudfunctions.googleapis.com/v2/projects/pranavdroptaxi-51778/locations/-/functions {}
[debug] [2025-07-11T12:56:56.571Z] TypeError: Cannot convert undefined or null to object
    at Object.values (<anonymous>)
    at C:\Users\jawah\AppData\Roaming\npm\node_modules\firebase-tools\lib\deploy\functions\backend.js:255:37
    at Array.reduce (<anonymous>)
    at allEndpoints (C:\Users\jawah\AppData\Roaming\npm\node_modules\firebase-tools\lib\deploy\functions\backend.js:254:45)
    at Object.matchingBackend (C:\Users\jawah\AppData\Roaming\npm\node_modules\firebase-tools\lib\deploy\functions\backend.js:278:28)
    at Object.createDeploymentPlan (C:\Users\jawah\AppData\Roaming\npm\node_modules\firebase-tools\lib\deploy\functions\release\planner.js:78:27)
    at Command.actionFn (C:\Users\jawah\AppData\Roaming\npm\node_modules\firebase-tools\lib\commands\functions-delete.js:43:26)
    at process.processTicksAndRejections (node:internal/process/task_queues:105:5)
[error] 
[error] Error: An unexpected error has occurred.
